<?xml version="1.0" encoding="UTF-8"?>
<robot generator="Robot 7.2.2 (Python 3.13.3 on win32)" generated="2025-04-29T08:41:15.130856" rpa="false" schemaversion="5">
<suite id="s1" name="Amazon Testes Gherkin Bdd" source="c:\Users\user-01\Documents\CursoRobotBasico\WebTesting\amazon_testes_gherkin_bdd.robot">
<test id="s1-t1" name="Caso de Teste 04 - Remover Produto do Carrinho" line="43">
<kw name="Abrir o navegador" owner="amazon_resources" type="SETUP">
<kw name="Open Browser" owner="SeleniumLibrary">
<msg time="2025-04-29T08:41:15.608051" level="INFO">Opening browser 'firefox' to base url 'https://www.amazon.com.br/ref=nav_bb_logo'.</msg>
<arg>https://www.amazon.com.br/ref=nav_bb_logo</arg>
<arg>firefox</arg>
<doc>Opens a new browser instance to the optional ``url``.</doc>
<status status="PASS" start="2025-04-29T08:41:15.607570" elapsed="9.822551"/>
</kw>
<kw name="Maximize Browser Window" owner="SeleniumLibrary">
<doc>Maximizes current browser window.</doc>
<status status="PASS" start="2025-04-29T08:41:25.431012" elapsed="0.308120"/>
</kw>
<status status="PASS" start="2025-04-29T08:41:15.603812" elapsed="10.135837"/>
</kw>
<kw name="Dado que estou na home page da Amazon.com.br" owner="amazon_resources">
<kw name="Acessar a home page do site Amazon.com.br" owner="amazon_resources">
<kw name="Go To" owner="SeleniumLibrary">
<msg time="2025-04-29T08:41:25.747732" level="INFO">Opening url 'https://www.amazon.com.br/'</msg>
<arg>${URL}</arg>
<doc>Navigates the current browser window to the provided ``url``.</doc>
<status status="PASS" start="2025-04-29T08:41:25.747168" elapsed="0.684970"/>
</kw>
<kw name="Wait Until Element Is Visible" owner="SeleniumLibrary">
<arg>${MENU_ELETRONICOS}</arg>
<doc>Waits until the element ``locator`` is visible.</doc>
<status status="PASS" start="2025-04-29T08:41:26.432596" elapsed="0.238305"/>
</kw>
<status status="PASS" start="2025-04-29T08:41:25.746225" elapsed="0.925075"/>
</kw>
<status status="PASS" start="2025-04-29T08:41:25.745014" elapsed="0.926622"/>
</kw>
<kw name="Quando pesquisar pelo produto &quot;Xbox Series S&quot;" owner="amazon_resources">
<kw name="Digitar o nome de produto &quot;Xbox Series S&quot; no campo de pesquisa" owner="amazon_resources" source_name="Digitar o nome de produto &quot;${PRODUTO}&quot; no campo de pesquisa">
<kw name="Input Text" owner="SeleniumLibrary">
<msg time="2025-04-29T08:41:26.677291" level="INFO">Typing text 'Xbox Series S' into text field 'twotabsearchtextbox'.</msg>
<arg>${CAMPO_PESQUISA}</arg>
<arg>${PRODUTO}</arg>
<doc>Types the given ``text`` into the text field identified by ``locator``.</doc>
<status status="PASS" start="2025-04-29T08:41:26.676680" elapsed="0.487911"/>
</kw>
<status status="PASS" start="2025-04-29T08:41:26.675992" elapsed="0.489190"/>
</kw>
<kw name="Clicar no botão de pesquisa" owner="amazon_resources">
<kw name="Click Element" owner="SeleniumLibrary">
<msg time="2025-04-29T08:41:27.167326" level="INFO">Clicking element 'nav-search-submit-button'.</msg>
<arg>${BOTAO_PESQUISA}</arg>
<doc>Click the element identified by ``locator``.</doc>
<status status="PASS" start="2025-04-29T08:41:27.166560" elapsed="2.726384"/>
</kw>
<status status="PASS" start="2025-04-29T08:41:27.165633" elapsed="2.727709"/>
</kw>
<status status="PASS" start="2025-04-29T08:41:26.675269" elapsed="3.218390"/>
</kw>
<kw name="Então o título da página deve ficar &quot;Amazon.com.br : Xbox Series S&quot;" owner="amazon_resources">
<kw name="Verificar se o título da página fica &quot;Amazon.com.br : Xbox Series S&quot;" owner="amazon_resources" source_name="Verificar se o título da página fica &quot;${TITULO}&quot;">
<kw name="Title Should Be" owner="SeleniumLibrary">
<msg time="2025-04-29T08:41:29.900391" level="INFO">Page title is 'Amazon.com.br : Xbox Series S'.</msg>
<arg>${TITULO}</arg>
<doc>Verifies that the current page title equals ``title``.</doc>
<status status="PASS" start="2025-04-29T08:41:29.897075" elapsed="0.003757"/>
</kw>
<status status="PASS" start="2025-04-29T08:41:29.896261" elapsed="0.004886"/>
</kw>
<status status="PASS" start="2025-04-29T08:41:29.895252" elapsed="0.006147"/>
</kw>
<kw name="E um produto da linha &quot;Xbox Series S&quot; deve ser mostrado na página" owner="amazon_resources">
<kw name="Verificar o resultado da pesquisa se está listando o produto &quot;Console Xbox Series S&quot;" owner="amazon_resources" source_name="Verificar o resultado da pesquisa se está listando o produto ${PRODUTO}">
<kw name="Wait Until Element Is Visible" owner="SeleniumLibrary">
<arg>//span[normalize-space()=${PRODUTO}]</arg>
<doc>Waits until the element ``locator`` is visible.</doc>
<status status="PASS" start="2025-04-29T08:41:29.907976" elapsed="0.170692"/>
</kw>
<status status="PASS" start="2025-04-29T08:41:29.907370" elapsed="0.171664"/>
</kw>
<status status="PASS" start="2025-04-29T08:41:29.906664" elapsed="0.172642"/>
</kw>
<kw name="E Adiciono o produto no carrinho" owner="amazon_resources">
<kw name="Adicionar o produto &quot;Console Xbox Series S&quot; no carrinho" owner="amazon_resources">
<kw name="Wait Until Element Is Visible" owner="SeleniumLibrary">
<arg>${PRODUTO_XBOX}</arg>
<doc>Waits until the element ``locator`` is visible.</doc>
<status status="PASS" start="2025-04-29T08:41:30.083157" elapsed="0.115131"/>
</kw>
<kw name="Click Element" owner="SeleniumLibrary">
<msg time="2025-04-29T08:41:30.199283" level="INFO">Clicking element '(//span[contains(text(),'Microsoft Xbox Series S 512 GB All-Digital Console')])[1]'.</msg>
<arg>${PRODUTO_XBOX}</arg>
<doc>Click the element identified by ``locator``.</doc>
<status status="PASS" start="2025-04-29T08:41:30.198788" elapsed="2.515372"/>
</kw>
<kw name="Wait Until Element Is Visible" owner="SeleniumLibrary">
<arg>${ADICIONAR_CARRINHO}</arg>
<doc>Waits until the element ``locator`` is visible.</doc>
<status status="PASS" start="2025-04-29T08:41:32.714491" elapsed="0.245150"/>
</kw>
<kw name="Click Button" owner="SeleniumLibrary">
<msg time="2025-04-29T08:41:32.960744" level="INFO">Clicking button 'add-to-cart-button'.</msg>
<arg>${ADICIONAR_CARRINHO}</arg>
<doc>Clicks the button identified by ``locator``.</doc>
<status status="PASS" start="2025-04-29T08:41:32.960178" elapsed="0.405609"/>
</kw>
<status status="PASS" start="2025-04-29T08:41:30.081862" elapsed="3.284235"/>
</kw>
<status status="PASS" start="2025-04-29T08:41:30.081046" elapsed="3.285292"/>
</kw>
<kw name="E Verifico se o produto foi adicionado no carrinho" owner="amazon_resources">
<kw name="Verificar se o produto &quot;Console Xbox Series S&quot; foi adicionado com sucesso" owner="amazon_resources">
<kw name="Wait Until Element Is Visible" owner="SeleniumLibrary">
<arg>${ADICIONADO_AO_CARRINHO}</arg>
<doc>Waits until the element ``locator`` is visible.</doc>
<status status="PASS" start="2025-04-29T08:41:33.375941" elapsed="2.807801"/>
</kw>
<kw name="Element Should Be Visible" owner="SeleniumLibrary">
<msg time="2025-04-29T08:41:36.267462" level="INFO">Element '//h1[normalize-space()='Adicionado ao carrinho']' is displayed.</msg>
<arg>${ADICIONADO_AO_CARRINHO}</arg>
<doc>Verifies that the element identified by ``locator`` is visible.</doc>
<status status="PASS" start="2025-04-29T08:41:36.184548" elapsed="0.083374"/>
</kw>
<status status="PASS" start="2025-04-29T08:41:33.375598" elapsed="2.892725"/>
</kw>
<status status="PASS" start="2025-04-29T08:41:33.375036" elapsed="2.893606"/>
</kw>
<kw name="E Removo o produto do carrinho" owner="amazon_resources">
<kw name="Remover o produto &quot;Console Xbox Series S&quot; do carrinho" owner="amazon_resources">
<kw name="Click Link" owner="SeleniumLibrary">
<msg time="2025-04-29T08:41:36.274548" level="INFO">Clicking link '//a[@href='/cart?ref_=sw_gtc']'.</msg>
<arg>//a[@href='/cart?ref_=sw_gtc']</arg>
<doc>Clicks a link identified by ``locator``.</doc>
<status status="PASS" start="2025-04-29T08:41:36.274146" elapsed="1.063032"/>
</kw>
<kw name="Wait Until Element Is Visible" owner="SeleniumLibrary">
<msg time="2025-04-29T08:41:42.611047" level="INFO" html="true">&lt;/td&gt;&lt;/tr&gt;&lt;tr&gt;&lt;td colspan="3"&gt;&lt;a href="selenium-screenshot-2.png"&gt;&lt;img src="selenium-screenshot-2.png" width="800px"&gt;&lt;/a&gt;</msg>
<msg time="2025-04-29T08:41:42.611677" level="FAIL">Element 'a-icon a-icon-small-trash' not visible after 5 seconds.</msg>
<arg>a-icon a-icon-small-trash</arg>
<doc>Waits until the element ``locator`` is visible.</doc>
<status status="FAIL" start="2025-04-29T08:41:37.337738" elapsed="5.280489">Element 'a-icon a-icon-small-trash' not visible after 5 seconds.</status>
</kw>
<kw name="Click Button" owner="SeleniumLibrary">
<arg>a-icon a-icon-small-trash</arg>
<doc>Clicks the button identified by ``locator``.</doc>
<status status="NOT RUN" start="2025-04-29T08:41:42.618741" elapsed="0.000181"/>
</kw>
<status status="FAIL" start="2025-04-29T08:41:36.273613" elapsed="6.345571">Element 'a-icon a-icon-small-trash' not visible after 5 seconds.</status>
</kw>
<status status="FAIL" start="2025-04-29T08:41:36.273025" elapsed="6.346336">Element 'a-icon a-icon-small-trash' not visible after 5 seconds.</status>
</kw>
<kw name="E Verifico se o produto foi removido" owner="amazon_resources">
<status status="NOT RUN" start="2025-04-29T08:41:42.620791" elapsed="0.000258"/>
</kw>
<kw name="Fechar o navegador" owner="amazon_resources" type="TEARDOWN">
<kw name="Capture Page Screenshot" owner="SeleniumLibrary">
<msg time="2025-04-29T08:41:42.776448" level="INFO" html="true">&lt;/td&gt;&lt;/tr&gt;&lt;tr&gt;&lt;td colspan="3"&gt;&lt;a href="selenium-screenshot-3.png"&gt;&lt;img src="selenium-screenshot-3.png" width="800px"&gt;&lt;/a&gt;</msg>
<doc>Takes a screenshot of the current page and embeds it into a log file.</doc>
<status status="PASS" start="2025-04-29T08:41:42.660668" elapsed="0.116167"/>
</kw>
<kw name="Close Browser" owner="SeleniumLibrary">
<doc>Closes the current browser.</doc>
<status status="PASS" start="2025-04-29T08:41:42.777176" elapsed="3.625960"/>
</kw>
<status status="PASS" start="2025-04-29T08:41:42.659987" elapsed="3.743394"/>
</kw>
<doc>Esse teste verifica a remoção de um produto no carrinho de compras</doc>
<tag>remover_carrinho</tag>
<status status="FAIL" start="2025-04-29T08:41:15.602126" elapsed="30.801728">Element 'a-icon a-icon-small-trash' not visible after 5 seconds.</status>
</test>
<doc>Essa suite teste o site da amazon.com.Busca_produtos</doc>
<status status="FAIL" start="2025-04-29T08:41:15.141324" elapsed="31.265196"/>
</suite>
<statistics>
<total>
<stat pass="0" fail="1" skip="0">All Tests</stat>
</total>
<tag>
<stat pass="0" fail="1" skip="0">remover_carrinho</stat>
</tag>
<suite>
<stat name="Amazon Testes Gherkin Bdd" id="s1" pass="0" fail="1" skip="0">Amazon Testes Gherkin Bdd</stat>
</suite>
</statistics>
<errors>
</errors>
</robot>
