<?xml version="1.0" encoding="UTF-8"?>
<robot generator="Robot 7.2.2 (Python 3.13.3 on win32)" generated="2025-04-28T11:22:33.637301" rpa="false" schemaversion="5">
<suite id="s1" name="Amazon Testes" source="c:\Users\user-01\Documents\CursoRobotBasico\WebTesting\amazon_testes.robot">
<test id="s1-t1" name="Caso de Teste 04 - Remover Produto do Carrinho" line="38">
<kw name="Abrir o navegador" owner="amazon_resources" type="SETUP">
<kw name="Open Browser" owner="SeleniumLibrary">
<msg time="2025-04-28T11:22:34.026700" level="INFO">Opening browser 'firefox' to base url 'https://www.amazon.com.br/ref=nav_bb_logo'.</msg>
<arg>https://www.amazon.com.br/ref=nav_bb_logo</arg>
<arg>firefox</arg>
<doc>Opens a new browser instance to the optional ``url``.</doc>
<status status="PASS" start="2025-04-28T11:22:34.026293" elapsed="8.764187"/>
</kw>
<kw name="Maximize Browser Window" owner="SeleniumLibrary">
<doc>Maximizes current browser window.</doc>
<status status="PASS" start="2025-04-28T11:22:42.791045" elapsed="0.260123"/>
</kw>
<status status="PASS" start="2025-04-28T11:22:34.025339" elapsed="9.026237"/>
</kw>
<kw name="Acessar a home page do site Amazon.com.br" owner="amazon_resources">
<kw name="Go To" owner="SeleniumLibrary">
<msg time="2025-04-28T11:22:43.053996" level="INFO">Opening url 'https://www.amazon.com.br/'</msg>
<arg>${URL}</arg>
<doc>Navigates the current browser window to the provided ``url``.</doc>
<status status="PASS" start="2025-04-28T11:22:43.053461" elapsed="0.970317"/>
</kw>
<kw name="Wait Until Element Is Visible" owner="SeleniumLibrary">
<arg>${MENU_ELETRONICOS}</arg>
<doc>Waits until the element ``locator`` is visible.</doc>
<status status="PASS" start="2025-04-28T11:22:44.024261" elapsed="0.541958"/>
</kw>
<status status="PASS" start="2025-04-28T11:22:43.052707" elapsed="1.513909"/>
</kw>
<kw name="Digitar o nome de produto &quot;Xbox Series S&quot; no campo de pesquisa" owner="amazon_resources" source_name="Digitar o nome de produto &quot;${PRODUTO}&quot; no campo de pesquisa">
<kw name="Input Text" owner="SeleniumLibrary">
<msg time="2025-04-28T11:22:44.569742" level="INFO">Typing text 'Xbox Series S' into text field 'twotabsearchtextbox'.</msg>
<arg>${CAMPO_PESQUISA}</arg>
<arg>${PRODUTO}</arg>
<doc>Types the given ``text`` into the text field identified by ``locator``.</doc>
<status status="PASS" start="2025-04-28T11:22:44.569407" elapsed="0.275391"/>
</kw>
<status status="PASS" start="2025-04-28T11:22:44.568799" elapsed="0.276402"/>
</kw>
<kw name="Clicar no botão de pesquisa" owner="amazon_resources">
<kw name="Click Element" owner="SeleniumLibrary">
<msg time="2025-04-28T11:22:44.852869" level="INFO">Clicking element 'nav-search-submit-button'.</msg>
<arg>${BOTAO_PESQUISA}</arg>
<doc>Click the element identified by ``locator``.</doc>
<status status="PASS" start="2025-04-28T11:22:44.852197" elapsed="1.772683"/>
</kw>
<status status="PASS" start="2025-04-28T11:22:44.851337" elapsed="1.773796"/>
</kw>
<kw name="Verificar o resultado da pesquisa se está listando o produto &quot;Console Xbox Series S&quot;" owner="amazon_resources" source_name="Verificar o resultado da pesquisa se está listando o produto ${PRODUTO}">
<kw name="Wait Until Element Is Visible" owner="SeleniumLibrary">
<arg>//span[normalize-space()=${PRODUTO}]</arg>
<doc>Waits until the element ``locator`` is visible.</doc>
<status status="PASS" start="2025-04-28T11:22:46.626647" elapsed="0.148024"/>
</kw>
<status status="PASS" start="2025-04-28T11:22:46.625843" elapsed="0.149176"/>
</kw>
<kw name="Adicionar o produto &quot;Console Xbox Series S&quot; no carrinho" owner="amazon_resources">
<kw name="Wait Until Element Is Visible" owner="SeleniumLibrary">
<arg>${PRODUTO_XBOX}</arg>
<doc>Waits until the element ``locator`` is visible.</doc>
<status status="PASS" start="2025-04-28T11:22:46.798238" elapsed="0.198833"/>
</kw>
<kw name="Click Element" owner="SeleniumLibrary">
<msg time="2025-04-28T11:22:46.998143" level="INFO">Clicking element '(//span[contains(text(),'Microsoft Xbox Series S 512 GB All-Digital Console')])[1]'.</msg>
<arg>${PRODUTO_XBOX}</arg>
<doc>Click the element identified by ``locator``.</doc>
<status status="PASS" start="2025-04-28T11:22:46.997598" elapsed="2.767983"/>
</kw>
<kw name="Wait Until Element Is Visible" owner="SeleniumLibrary">
<arg>${ADICIONAR_CARRINHO}</arg>
<doc>Waits until the element ``locator`` is visible.</doc>
<status status="PASS" start="2025-04-28T11:22:49.766887" elapsed="0.369510"/>
</kw>
<kw name="Click Button" owner="SeleniumLibrary">
<msg time="2025-04-28T11:22:50.137621" level="INFO">Clicking button 'add-to-cart-button'.</msg>
<arg>${ADICIONAR_CARRINHO}</arg>
<doc>Clicks the button identified by ``locator``.</doc>
<status status="PASS" start="2025-04-28T11:22:50.137039" elapsed="1.346773"/>
</kw>
<status status="PASS" start="2025-04-28T11:22:46.797529" elapsed="4.686642"/>
</kw>
<kw name="Verificar se o produto &quot;Console Xbox Series S&quot; foi adicionado com sucesso" owner="amazon_resources">
<kw name="Wait Until Element Is Visible" owner="SeleniumLibrary">
<arg>${ADICIONADO_AO_CARRINHO}</arg>
<doc>Waits until the element ``locator`` is visible.</doc>
<status status="PASS" start="2025-04-28T11:22:51.485988" elapsed="0.096310"/>
</kw>
<kw name="Element Should Be Visible" owner="SeleniumLibrary">
<msg time="2025-04-28T11:22:51.784376" level="INFO">Element '//h1[normalize-space()='Adicionado ao carrinho']' is displayed.</msg>
<arg>${ADICIONADO_AO_CARRINHO}</arg>
<doc>Verifies that the element identified by ``locator`` is visible.</doc>
<status status="PASS" start="2025-04-28T11:22:51.582784" elapsed="0.202085"/>
</kw>
<status status="PASS" start="2025-04-28T11:22:51.485234" elapsed="0.300011"/>
</kw>
<kw name="Remover o produto &quot;Console Xbox Series S&quot; do carrinho" owner="amazon_resources">
<kw name="Click Element" owner="SeleniumLibrary">
<msg time="2025-04-28T11:22:51.793032" level="INFO">Clicking element '(//span[@class='a-icon a-icon-small-trash'])[1]'.</msg>
<msg time="2025-04-28T11:22:51.991069" level="INFO" html="true">&lt;/td&gt;&lt;/tr&gt;&lt;tr&gt;&lt;td colspan="3"&gt;&lt;a href="selenium-screenshot-48.png"&gt;&lt;img src="selenium-screenshot-48.png" width="800px"&gt;&lt;/a&gt;</msg>
<msg time="2025-04-28T11:22:51.991562" level="FAIL">Element with locator '(//span[@class='a-icon a-icon-small-trash'])[1]' not found.</msg>
<arg>(//span[@class='a-icon a-icon-small-trash'])[1]</arg>
<doc>Click the element identified by ``locator``.</doc>
<status status="FAIL" start="2025-04-28T11:22:51.792494" elapsed="0.209750">Element with locator '(//span[@class='a-icon a-icon-small-trash'])[1]' not found.</status>
</kw>
<kw name="Click Element" owner="SeleniumLibrary">
<arg>(//span[@id='nav-cart-count'])[1]</arg>
<doc>Click the element identified by ``locator``.</doc>
<status status="NOT RUN" start="2025-04-28T11:22:52.002783" elapsed="0.000237"/>
</kw>
<kw name="Wait Until Element Is Visible" owner="SeleniumLibrary">
<arg>(//h3[normalize-space()='Seu carrinho da Amazon está vazio'])[1]</arg>
<doc>Waits until the element ``locator`` is visible.</doc>
<status status="NOT RUN" start="2025-04-28T11:22:52.003456" elapsed="0.000254"/>
</kw>
<kw name="Element Should Be Visible" owner="SeleniumLibrary">
<arg>(//h3[normalize-space()='Seu carrinho da Amazon está vazio'])[1]</arg>
<doc>Verifies that the element identified by ``locator`` is visible.</doc>
<status status="NOT RUN" start="2025-04-28T11:22:52.004090" elapsed="0.000305"/>
</kw>
<status status="FAIL" start="2025-04-28T11:22:51.791664" elapsed="0.213298">Element with locator '(//span[@class='a-icon a-icon-small-trash'])[1]' not found.</status>
</kw>
<kw name="Verificar se o carrinho fica vazio" owner="amazon_resources">
<status status="NOT RUN" start="2025-04-28T11:22:52.021318" elapsed="0.000261"/>
</kw>
<kw name="Fechar o navegador" owner="amazon_resources" type="TEARDOWN">
<kw name="Capture Page Screenshot" owner="SeleniumLibrary">
<msg time="2025-04-28T11:22:52.201313" level="INFO" html="true">&lt;/td&gt;&lt;/tr&gt;&lt;tr&gt;&lt;td colspan="3"&gt;&lt;a href="selenium-screenshot-49.png"&gt;&lt;img src="selenium-screenshot-49.png" width="800px"&gt;&lt;/a&gt;</msg>
<doc>Takes a screenshot of the current page and embeds it into a log file.</doc>
<status status="PASS" start="2025-04-28T11:22:52.025612" elapsed="0.176302"/>
</kw>
<kw name="Close Browser" owner="SeleniumLibrary">
<doc>Closes the current browser.</doc>
<status status="PASS" start="2025-04-28T11:22:52.202323" elapsed="3.512574"/>
</kw>
<status status="PASS" start="2025-04-28T11:22:52.024780" elapsed="3.690351"/>
</kw>
<doc>Esse teste verifica a remoção de um produto no carrinho de compras</doc>
<tag>remover_carrinho</tag>
<status status="FAIL" start="2025-04-28T11:22:34.023342" elapsed="21.692297">Element with locator '(//span[@class='a-icon a-icon-small-trash'])[1]' not found.</status>
</test>
<doc>Essa suite teste o site da amazon.com.Busca_produtos</doc>
<status status="FAIL" start="2025-04-28T11:22:33.643391" elapsed="22.074791"/>
</suite>
<statistics>
<total>
<stat pass="0" fail="1" skip="0">All Tests</stat>
</total>
<tag>
<stat pass="0" fail="1" skip="0">remover_carrinho</stat>
</tag>
<suite>
<stat name="Amazon Testes" id="s1" pass="0" fail="1" skip="0">Amazon Testes</stat>
</suite>
</statistics>
<errors>
</errors>
</robot>
