<?xml version="1.0" encoding="UTF-8"?>
<robot generator="Robot 7.2.2 (Python 3.13.3 on win32)" generated="2025-04-16T08:31:38.196270" rpa="false" schemaversion="5">
<suite id="s1" name="Amazon Testes Gherkin Bdd" source="c:\Users\user-01\Documents\CursoRobotBasico\WebTesting\amazon_testes_gherkin_bdd.robot">
<test id="s1-t1" name="Caso de Teste 01 - Acesso ao menu &quot;Eletrônicos&quot;" line="10">
<kw name="Abrir o navegador" owner="amazon_resources" type="SETUP">
<kw name="Open Browser" owner="SeleniumLibrary">
<msg time="2025-04-16T08:31:38.620438" level="INFO">Opening browser 'firefox' to base url 'https://www.amazon.com.br/ref=nav_bb_logo'.</msg>
<arg>https://www.amazon.com.br/ref=nav_bb_logo</arg>
<arg>firefox</arg>
<doc>Opens a new browser instance to the optional ``url``.</doc>
<status status="PASS" start="2025-04-16T08:31:38.620051" elapsed="9.055853"/>
</kw>
<kw name="Maximize Browser Window" owner="SeleniumLibrary">
<doc>Maximizes current browser window.</doc>
<status status="PASS" start="2025-04-16T08:31:47.676616" elapsed="0.262521"/>
</kw>
<status status="PASS" start="2025-04-16T08:31:38.618750" elapsed="9.320924"/>
</kw>
<kw name="Dado que estou na home page da Amazon.com.br" owner="amazon_resources">
<kw name="Acessar a home page do site Amazon.com.br" owner="amazon_resources">
<kw name="Go To" owner="SeleniumLibrary">
<msg time="2025-04-16T08:31:47.944239" level="INFO">Opening url 'https://www.amazon.com.br/'</msg>
<arg>${URL}</arg>
<doc>Navigates the current browser window to the provided ``url``.</doc>
<status status="PASS" start="2025-04-16T08:31:47.943701" elapsed="1.424800"/>
</kw>
<kw name="Wait Until Element Is Visible" owner="SeleniumLibrary">
<arg>${MENU_ELETRONICOS}</arg>
<doc>Waits until the element ``locator`` is visible.</doc>
<status status="PASS" start="2025-04-16T08:31:49.368931" elapsed="0.212438"/>
</kw>
<status status="PASS" start="2025-04-16T08:31:47.942942" elapsed="1.638958"/>
</kw>
<status status="PASS" start="2025-04-16T08:31:47.941865" elapsed="1.640296"/>
</kw>
<kw name="Quando acessar o menu &quot;Eletrônicos&quot;" owner="amazon_resources">
<kw name="Entrar no menu &quot;Eletrônicos&quot;" owner="amazon_resources">
<kw name="Click Link" owner="SeleniumLibrary">
<msg time="2025-04-16T08:31:49.585896" level="INFO">Clicking link '//a[normalize-space()='Eletrônicos']'.</msg>
<arg>${MENU_ELETRONICOS}</arg>
<doc>Clicks a link identified by ``locator``.</doc>
<status status="PASS" start="2025-04-16T08:31:49.585357" elapsed="2.648027"/>
</kw>
<status status="PASS" start="2025-04-16T08:31:49.584806" elapsed="2.649209"/>
</kw>
<status status="PASS" start="2025-04-16T08:31:49.584026" elapsed="2.650349"/>
</kw>
<kw name="Então o título da página deve ficar &quot;Eletrônicos e Tecnologia | Amazon.com.br&quot;" owner="amazon_resources">
<kw name="Verificar se o título da página fica &quot;Eletrônicos e Tecnologia | Amazon.com.br&quot;" owner="amazon_resources" source_name="Verificar se o título da página fica &quot;${TITULO}&quot;">
<kw name="Title Should Be" owner="SeleniumLibrary">
<msg time="2025-04-16T08:31:52.241137" level="INFO">Page title is 'Eletrônicos e Tecnologia | Amazon.com.br'.</msg>
<arg>${TITULO}</arg>
<doc>Verifies that the current page title equals ``title``.</doc>
<status status="PASS" start="2025-04-16T08:31:52.238344" elapsed="0.003236"/>
</kw>
<status status="PASS" start="2025-04-16T08:31:52.237834" elapsed="0.004092"/>
</kw>
<status status="PASS" start="2025-04-16T08:31:52.236916" elapsed="0.005321"/>
</kw>
<kw name="E o texto &quot;Eletrônicos e Tecnologia&quot; deve ser exibido na página" owner="amazon_resources">
<kw name="Verificar se aparece a frase &quot;Eletrônicos e Tecnologia&quot;" owner="amazon_resources">
<kw name="Wait Until Page Contains" owner="SeleniumLibrary">
<arg>${TEXTO_HEADER_ELETRONICOS}</arg>
<doc>Waits until ``text`` appears on the current page.</doc>
<status status="PASS" start="2025-04-16T08:31:52.246598" elapsed="0.114364"/>
</kw>
<kw name="Wait Until Element Is Visible" owner="SeleniumLibrary">
<arg>${HEADER_ELETRONICOS_E_TECNOLOGIA}</arg>
<doc>Waits until the element ``locator`` is visible.</doc>
<status status="PASS" start="2025-04-16T08:31:52.361373" elapsed="0.198352"/>
</kw>
<status status="PASS" start="2025-04-16T08:31:52.245600" elapsed="0.314499"/>
</kw>
<status status="PASS" start="2025-04-16T08:31:52.244831" elapsed="0.315537"/>
</kw>
<kw name="E a categoria &quot;Computadores e Informática&quot; deve ser exibida na página" owner="amazon_resources">
<kw name="Verificar se aparece a categoria &quot;Computadores e Informática&quot;" owner="amazon_resources" source_name="Verificar se aparece a categoria &quot;${NOME_CATEGORIA}&quot;">
<kw name="Element Should Be Visible" owner="SeleniumLibrary">
<msg time="2025-04-16T08:31:52.609988" level="INFO">Element '//span[@class='a-size-base-plus'][normalize-space()='Computadores e Informática']' is displayed.</msg>
<arg>//span[@class='a-size-base-plus'][normalize-space()='${NOME_CATEGORIA}']</arg>
<doc>Verifies that the element identified by ``locator`` is visible.</doc>
<status status="PASS" start="2025-04-16T08:31:52.569015" elapsed="0.041383"/>
</kw>
<status status="PASS" start="2025-04-16T08:31:52.568288" elapsed="0.042427"/>
</kw>
<status status="PASS" start="2025-04-16T08:31:52.567509" elapsed="0.043429"/>
</kw>
<kw name="Fechar o navegador" owner="amazon_resources" type="TEARDOWN">
<kw name="Capture Page Screenshot" owner="SeleniumLibrary">
<msg time="2025-04-16T08:31:52.797947" level="INFO" html="true">&lt;/td&gt;&lt;/tr&gt;&lt;tr&gt;&lt;td colspan="3"&gt;&lt;a href="selenium-screenshot-5.png"&gt;&lt;img src="selenium-screenshot-5.png" width="800px"&gt;&lt;/a&gt;</msg>
<doc>Takes a screenshot of the current page and embeds it into a log file.</doc>
<status status="PASS" start="2025-04-16T08:31:52.622459" elapsed="0.175882"/>
</kw>
<kw name="Close Browser" owner="SeleniumLibrary">
<doc>Closes the current browser.</doc>
<status status="PASS" start="2025-04-16T08:31:52.798695" elapsed="3.340462"/>
</kw>
<status status="PASS" start="2025-04-16T08:31:52.621706" elapsed="3.517867"/>
</kw>
<doc>Esse teste verifica o menu Eletrônicos do site da amazon.com.br
e everifica a categoria Computadores e Informática</doc>
<tag>categorias</tag>
<tag>menus</tag>
<status status="PASS" start="2025-04-16T08:31:38.617327" elapsed="17.522946"/>
</test>
<doc>Essa suite teste o site da amazon.com.Busca_produtos</doc>
<status status="PASS" start="2025-04-16T08:31:38.205649" elapsed="17.937197"/>
</suite>
<statistics>
<total>
<stat pass="1" fail="0" skip="0">All Tests</stat>
</total>
<tag>
<stat pass="1" fail="0" skip="0">categorias</stat>
<stat pass="1" fail="0" skip="0">menus</stat>
</tag>
<suite>
<stat name="Amazon Testes Gherkin Bdd" id="s1" pass="1" fail="0" skip="0">Amazon Testes Gherkin Bdd</stat>
</suite>
</statistics>
<errors>
</errors>
</robot>
