<?xml version="1.0" encoding="UTF-8"?>
<robot generator="Robot 7.2.2 (Python 3.13.3 on win32)" generated="2025-04-10T18:31:19.604263" rpa="false" schemaversion="5">
<suite id="s1" name="Amazon Testes" source="c:\Users\user-01\Documents\CursoRobotBasico\WebTesting\amazon_testes.robot">
<test id="s1-t1" name="Caso de Teste 01 - Acesso ao menu &quot;Eletrônicos&quot;" line="10">
<kw name="Abrir o navegador" owner="amazon_resources" type="SETUP">
<kw name="Open Browser" owner="SeleniumLibrary">
<msg time="2025-04-10T18:31:20.005602" level="INFO">Opening browser 'firefox' to base url 'https://www.amazon.com.br/ref=nav_bb_logo'.</msg>
<arg>https://www.amazon.com.br/ref=nav_bb_logo</arg>
<arg>firefox</arg>
<doc>Opens a new browser instance to the optional ``url``.</doc>
<status status="PASS" start="2025-04-10T18:31:20.005172" elapsed="8.402381"/>
</kw>
<kw name="Maximize Browser Window" owner="SeleniumLibrary">
<doc>Maximizes current browser window.</doc>
<status status="PASS" start="2025-04-10T18:31:28.408800" elapsed="0.329714"/>
</kw>
<status status="PASS" start="2025-04-10T18:31:20.004181" elapsed="8.734777"/>
</kw>
<kw name="Acessar a home page do site Amazon.com.br" owner="amazon_resources">
<kw name="Go To" owner="SeleniumLibrary">
<msg time="2025-04-10T18:31:28.751162" level="INFO">Opening url 'https://www.amazon.com.br/'</msg>
<arg>${URL}</arg>
<doc>Navigates the current browser window to the provided ``url``.</doc>
<status status="PASS" start="2025-04-10T18:31:28.750678" elapsed="4.715636"/>
</kw>
<kw name="Wait Until Element Is Visible" owner="SeleniumLibrary">
<arg>${MENU_ELETRONICOS}</arg>
<doc>Waits until the element ``locator`` is visible.</doc>
<status status="PASS" start="2025-04-10T18:31:33.466769" elapsed="0.060491"/>
</kw>
<status status="PASS" start="2025-04-10T18:31:28.749941" elapsed="4.777720"/>
</kw>
<kw name="Entrar no menu &quot;Eletrônicos&quot;" owner="amazon_resources">
<kw name="Click Link" owner="SeleniumLibrary">
<msg time="2025-04-10T18:31:33.533310" level="INFO">Clicking link '//a[normalize-space()='Eletrônicos']'.</msg>
<arg>${MENU_ELETRONICOS}</arg>
<doc>Clicks a link identified by ``locator``.</doc>
<status status="PASS" start="2025-04-10T18:31:33.532912" elapsed="3.581501"/>
</kw>
<status status="PASS" start="2025-04-10T18:31:33.532160" elapsed="3.582812"/>
</kw>
<kw name="Verificar se aparece a frase &quot;Eletrônicos e Tecnologia&quot;" owner="amazon_resources">
<kw name="Wait Until Page Contains" owner="SeleniumLibrary">
<arg>${TEXTO_HEADER_ELETRONICOS}</arg>
<doc>Waits until ``text`` appears on the current page.</doc>
<status status="PASS" start="2025-04-10T18:31:37.116923" elapsed="0.071233"/>
</kw>
<kw name="Wait Until Element Is Visible" owner="SeleniumLibrary">
<arg>${HEADER_ELETRONICOS_E_TECNOLOGIA}</arg>
<doc>Waits until the element ``locator`` is visible.</doc>
<status status="PASS" start="2025-04-10T18:31:37.188700" elapsed="0.108109"/>
</kw>
<status status="PASS" start="2025-04-10T18:31:37.116113" elapsed="0.181024"/>
</kw>
<kw name="Verificar se o título da página fica &quot;Eletrônicos e Tecnologia | Amazon.com.br&quot;" owner="amazon_resources" source_name="Verificar se o título da página fica &quot;${TITULO}&quot;">
<kw name="Title Should Be" owner="SeleniumLibrary">
<msg time="2025-04-10T18:31:37.310370" level="INFO">Page title is 'Eletrônicos e Tecnologia | Amazon.com.br'.</msg>
<arg>${TITULO}</arg>
<doc>Verifies that the current page title equals ``title``.</doc>
<status status="PASS" start="2025-04-10T18:31:37.301376" elapsed="0.009364"/>
</kw>
<status status="PASS" start="2025-04-10T18:31:37.300310" elapsed="0.010780"/>
</kw>
<kw name="Verificar se aparece a categoria &quot;Computadores e Informática&quot;" owner="amazon_resources" source_name="Verificar se aparece a categoria &quot;${NOME_CATEGORIA}&quot;">
<kw name="Element Should Be Visible" owner="SeleniumLibrary">
<msg time="2025-04-10T18:31:37.361760" level="INFO">Element '//span[@class='a-size-base-plus'][normalize-space()='Computadores e Informática']' is displayed.</msg>
<arg>//span[@class='a-size-base-plus'][normalize-space()='${NOME_CATEGORIA}']</arg>
<doc>Verifies that the element identified by ``locator`` is visible.</doc>
<status status="PASS" start="2025-04-10T18:31:37.312416" elapsed="0.049774"/>
</kw>
<status status="PASS" start="2025-04-10T18:31:37.311784" elapsed="0.050752"/>
</kw>
<doc>Esse teste verifica o menu Eletrônicos do site da amazon.com.br
e everifica a categoria Computadores e Informática</doc>
<tag>categorias</tag>
<tag>menus</tag>
<status status="PASS" start="2025-04-10T18:31:20.002602" elapsed="17.361498"/>
</test>
<doc>Essa suite teste o site da amazon.com.Busca_produtos</doc>
<status status="PASS" start="2025-04-10T18:31:19.612694" elapsed="17.753693"/>
</suite>
<statistics>
<total>
<stat pass="1" fail="0" skip="0">All Tests</stat>
</total>
<tag>
<stat pass="1" fail="0" skip="0">categorias</stat>
<stat pass="1" fail="0" skip="0">menus</stat>
</tag>
<suite>
<stat name="Amazon Testes" id="s1" pass="1" fail="0" skip="0">Amazon Testes</stat>
</suite>
</statistics>
<errors>
</errors>
</robot>
